Operating system: Microsoft Windows NT 6.2.9200.0
Opening INI file "C:\Users\Azul\Documents\GitHub\sonic-1-github-madness-3\SonPLN.ini"...
Game type is S1.
Loading SEGA Logo...
Loading 8x8 tiles from file "artnem/segalogo.bin", using compression Nemesis...
Loading palette file "pallet/sega2.bin"...
Source: 16 Destination: 0 Length: 64
System.AggregateException: One or more errors occurred. ---> System.FormatException: Level must contain at least one Blocks file!
   at SonicRetro.SonLVL.API.LevelData.LoadLevelBlocks() in C:\Programs\SonLVL\SonLVLAPI\LevelData.cs:line 522
   at System.Threading.Tasks.Task.InnerInvoke()
   at System.Threading.Tasks.Task.Execute()
   --- End of inner exception stack trace ---
   at System.Threading.Tasks.Task.WaitAll(Task[] tasks, Int32 millisecondsTimeout, CancellationToken cancellationToken)
   at System.Threading.Tasks.Task.WaitAll(Task[] tasks, Int32 millisecondsTimeout)
   at System.Threading.Tasks.Parallel.Invoke(ParallelOptions parallelOptions, Action[] actions)
   at System.Threading.Tasks.Parallel.Invoke(Action[] actions)
   at SonicRetro.SonLVL.API.LevelData.LoadLevel(String levelname, Boolean loadGraphics) in C:\Programs\SonLVL\SonLVLAPI\LevelData.cs:line 184
   at SonicRetro.SonLVL.GUI.MainForm.backgroundLevelLoader_DoWork(Object sender, DoWorkEventArgs e) in C:\Programs\SonLVL\SonLVL\MainForm.cs:line 576
---> (Inner Exception #0) System.FormatException: Level must contain at least one Blocks file!
   at SonicRetro.SonLVL.API.LevelData.LoadLevelBlocks() in C:\Programs\SonLVL\SonLVLAPI\LevelData.cs:line 522
   at System.Threading.Tasks.Task.InnerInvoke()
   at System.Threading.Tasks.Task.Execute()<---

---> (Inner Exception #1) System.FormatException: Level must contain at least one Chunks file!
   at SonicRetro.SonLVL.API.LevelData.LoadLevelChunks() in C:\Programs\SonLVL\SonLVLAPI\LevelData.cs:line 554
   at System.Threading.Tasks.Task.InnerInvoke()
   at System.Threading.Tasks.Task.Execute()<---

---> (Inner Exception #2) System.FormatException: Level must contain an FGLayout and BGLayout file!
   at SonicRetro.SonLVL.API.LevelData.LoadLevelLayout(String levelname) in C:\Programs\SonLVL\SonLVLAPI\LevelData.cs:line 646
   at SonicRetro.SonLVL.API.LevelData.<>c__DisplayClass70_0.<LoadLevel>b__0() in C:\Programs\SonLVL\SonLVLAPI\LevelData.cs:line 184
   at System.Threading.Tasks.Task.InnerInvoke()
   at System.Threading.Tasks.Task.Execute()<---

---> (Inner Exception #3) System.IndexOutOfRangeException: Index was outside the bounds of the array.
   at SonicRetro.SonLVL.API.LevelData.LoadLevelPalette() in C:\Programs\SonLVL\SonLVLAPI\LevelData.cs:line 674
   at System.Threading.Tasks.Task.InnerInvoke()
   at System.Threading.Tasks.Task.Execute()<---

