Operating system: Microsoft Windows NT 6.2.9200.0
Opening INI file "C:\Users\badfn\OneDrive\Documents\GitHub\sonic-1-github-madness-3\Sonic 1 2005 INIs\SonLVL.ini"...
Game type is S1.
Loading Marble Zone Act 1...
Loading palette file "../pallet/sonic.bin"...
Source: 0 Destination: 0 Length: 16
Loading 16x16 blocks from file "../map16/mz.bin", using compression Enigma...
Loading 8x8 tiles from file "../artnem/8x8mz.bin", using compression Nemesis...
Loading 256x256 chunks from file "../map256/mz.bin", using compression Kosinski...
Loading palette file "../pallet/mz.bin"...
Source: 0 Destination: 16 Length: 48
Loading FG layout from file "../levels/mz1.bin", using compression Uncompressed...
Loading BG layout from file "../levels/mz1bg.bin", using compression Uncompressed...
Loading FG layout from file "../levels/mz2.bin", using compression Uncompressed...
Loading BG layout from file "../levels/mz2bg.bin", using compression Uncompressed...
Loading FG layout from file "../levels/mz3.bin", using compression Uncompressed...
Loading BG layout from file "../levels/mz3bg.bin", using compression Uncompressed...
Loading object definition file "obj.ini".
Loading object definition file "objMZ.ini".
Loading ObjectDefinition type S1ObjectDefinitions.Common.InvisibleBlock from "Common\InvisibleBlock.cs"...
Loading ObjectDefinition type S1ObjectDefinitions.Common.Ring from "Common\Ring.cs"...
Loading type from cached assembly "dllcache\S1ObjectDefinitions.Common.InvisibleBlock.dll"...
Loading type from cached assembly "dllcache\S1ObjectDefinitions.Common.Ring.dll"...
Loading ObjectDefinition type S1ObjectDefinitions.GHZ.SwingingPlatform from "GHZ\SwingingPlatform.cs"...
Loading type from cached assembly "dllcache\S1ObjectDefinitions.GHZ.SwingingPlatform.dll"...
Loading ObjectDefinition type S1ObjectDefinitions.MZ.SidewaysStomper from "MZ\SidewaysStomper.cs"...
Loading type from cached assembly "dllcache\S1ObjectDefinitions.MZ.SidewaysStomper.dll"...
Loading start position "Level Start" from file "../misc/sloc_lev.bin"...
Loading objects from file "../objpos/mz1.bin", using compression Uncompressed...
Drawing block bitmaps...
Drawing chunk bitmaps...
Level loaded in 0.31278 second(s).
Load completed.
System.ArgumentOutOfRangeException: Index was out of range. Must be non-negative and less than the size of the collection.
Parameter name: index
   at System.ThrowHelper.ThrowArgumentOutOfRangeException(ExceptionArgument argument, ExceptionResource resource)
   at SonicRetro.SonLVL.API.MultiFileIndexer`1.set_Item(Int32 index, T value) in C:\Programs\SonLVL\SonLVLAPI\MultiFileIndexer.cs:line 79
   at SonicRetro.SonLVL.GUI.MainForm.importOverToolStripMenuItem_Click(Object sender, EventArgs e) in C:\Programs\SonLVL\SonLVL\MainForm.cs:line 10370
   at System.Windows.Forms.ToolStripItem.RaiseEvent(Object key, EventArgs e)
   at System.Windows.Forms.ToolStripMenuItem.OnClick(EventArgs e)
   at System.Windows.Forms.ToolStripItem.HandleClick(EventArgs e)
   at System.Windows.Forms.ToolStripItem.HandleMouseUp(MouseEventArgs e)
   at System.Windows.Forms.ToolStripItem.FireEventInteractive(EventArgs e, ToolStripItemEventType met)
   at System.Windows.Forms.ToolStripItem.FireEvent(EventArgs e, ToolStripItemEventType met)
   at System.Windows.Forms.ToolStrip.OnMouseUp(MouseEventArgs mea)
   at System.Windows.Forms.ToolStripDropDown.OnMouseUp(MouseEventArgs mea)
   at System.Windows.Forms.Control.WmMouseUp(Message& m, MouseButtons button, Int32 clicks)
   at System.Windows.Forms.Control.WndProc(Message& m)
   at System.Windows.Forms.ScrollableControl.WndProc(Message& m)
   at System.Windows.Forms.ToolStrip.WndProc(Message& m)
   at System.Windows.Forms.ToolStripDropDown.WndProc(Message& m)
   at System.Windows.Forms.Control.ControlNativeWindow.OnMessage(Message& m)
   at System.Windows.Forms.Control.ControlNativeWindow.WndProc(Message& m)
   at System.Windows.Forms.NativeWindow.Callback(IntPtr hWnd, Int32 msg, IntPtr wparam, IntPtr lparam)
